

xxxxxxxxxxxxxxxxxxxxxxxxxxxxxxxxxxxxxxxxxxxxxxxxxx

Running training with the following parameters: 

data_path : ./dataset
model_path : ./model_checkpoints
vis_path : ./vis_checkpoints
model_save_name : meme.pt
no_model_checkpoints : False
remove_checkpoints : False
config : config/uniter-base.json
feature_path : ./dataset/own_features
pretrained_model_file : uniter-base.pt
max_txt_len : 60
max_bb : 100
min_bb : 10
num_bb : 36
optimizer : adam
loss_func : bce_logits
optimize_for : aucroc
scheduler : warmup_cosine
beta1 : 0.9
beta2 : 0.999
batch_size : 16
num_workers : 0
gradient_accumulation : 2
max_grad_norm : 5
pos_wt : 1
lr : 3e-05
warmup_steps : 500
weight_decay : 0.001
max_epoch : 30
lr_decay_step : 3
lr_decay_factor : 0.8
patience : 5.0
early_stop_thresh : 0.001
seed : 43
log_every : 2000
fc_dim : 64
dropout : 0.2
filter_text : False
device : cuda
n_classes : 1

xxxxxxxxxxxxxxxxxxxxxxxxxxxxxxxxxxxxxxxxxxxxxxxxxx
filter text False
filter text False
filter text False


====================================================================================================
					 Training Network
====================================================================================================

Beginning training at:  2021-02-20 03:13:51.655387 

